<?xml version="1.0" encoding="UTF-8"?>
<!-- Generated by org.testng.reporters.JUnitXMLReporter -->
<testsuite hostname="DESKTOP-NMGB7R5" ignored="0" name="Default test" tests="4" failures="0" timestamp="2021-08-23T15:11:23 GST" time="10.003" errors="0">
  <testcase name="do_AddNewOwnerTest" time="1.902" classname="com.petclinic.testcases.OwnersPageTestCases"/>
  <testcase name="do_AddNewOwnerTest" time="1.366" classname="com.petclinic.testcases.OwnersPageTestCases"/>
  <testcase name="do_UpdateExistingOwnerDetailsTest" time="1.485" classname="com.petclinic.testcases.OwnersPageTestCases"/>
  <testcase name="do_FindOwnerByLastNameTest" time="0.523" classname="com.petclinic.testcases.OwnersPageTestCases"/>
</testsuite> <!-- Default test -->
