<?xml version="1.0" encoding="UTF-8"?>
<!-- Generated by org.testng.reporters.JUnitXMLReporter -->
<testsuite hostname="DESKTOP-NMGB7R5" ignored="2" name="Test" tests="2" failures="0" timestamp="2021-08-20T00:30:27 GST" time="7.76" errors="0">
  <testcase name="applicationLogoVerificationTest" time="0.122" classname="com.petclinic.testcases.HomePageTestCases"/>
  <testcase name="do_AddNewOwnerTest" time="1.592" classname="com.petclinic.testcases.OwnersPageTestCases"/>
  <testcase name="@AfterSuite tearDown" time="0.0" classname="com.petclinic.base.BaseClass">
    <ignored/>
  </testcase> <!-- @AfterSuite tearDown -->
  <testcase name="@AfterSuite tearDown" time="0.0" classname="com.petclinic.base.BaseClass">
    <ignored/>
  </testcase> <!-- @AfterSuite tearDown -->
</testsuite> <!-- Test -->
